c:\users\dev\desktop\desktop-fs\code\mathwiz\win\mathwiz_nt\mathwiz_nt\debug\vc120.pdb
c:\users\dev\desktop\desktop-fs\code\mathwiz\win\mathwiz_nt\mathwiz_nt\debug\vc120.idb
c:\users\dev\desktop\desktop-fs\code\mathwiz\win\mathwiz_nt\mathwiz_nt\debug\source.obj
c:\users\dev\desktop\desktop-fs\code\mathwiz\win\mathwiz_nt\mathwiz_nt\debug\bootloader.obj
c:\users\dev\desktop\desktop-fs\code\mathwiz\win\mathwiz_nt\mathwiz_nt\debug\lockedunorderedmap.obj
c:\users\dev\desktop\desktop-fs\code\mathwiz\win\mathwiz_nt\mathwiz_nt\debug\mathproblem.obj
c:\users\dev\desktop\desktop-fs\code\mathwiz\win\mathwiz_nt\mathwiz_nt\debug\ramfs.obj
c:\users\dev\desktop\desktop-fs\code\mathwiz\win\mathwiz_nt\mathwiz_nt\debug\server.obj
c:\users\dev\desktop\desktop-fs\code\mathwiz\win\mathwiz_nt\mathwiz_nt\debug\statistics.obj
c:\users\dev\desktop\desktop-fs\code\mathwiz\win\mathwiz_nt\debug\mathwiz_nt.pdb
c:\users\dev\desktop\desktop-fs\code\mathwiz\win\mathwiz_nt\mathwiz_nt\debug\mathwiz_nt.tlog\cl.command.1.tlog
c:\users\dev\desktop\desktop-fs\code\mathwiz\win\mathwiz_nt\mathwiz_nt\debug\mathwiz_nt.tlog\cl.read.1.tlog
c:\users\dev\desktop\desktop-fs\code\mathwiz\win\mathwiz_nt\mathwiz_nt\debug\mathwiz_nt.tlog\cl.write.1.tlog
c:\users\dev\desktop\desktop-fs\code\mathwiz\win\mathwiz_nt\mathwiz_nt\debug\mathwiz_nt.tlog\link-cvtres.read.1.tlog
c:\users\dev\desktop\desktop-fs\code\mathwiz\win\mathwiz_nt\mathwiz_nt\debug\mathwiz_nt.tlog\link-cvtres.write.1.tlog
c:\users\dev\desktop\desktop-fs\code\mathwiz\win\mathwiz_nt\mathwiz_nt\debug\mathwiz_nt.tlog\link-rc.read.1.tlog
c:\users\dev\desktop\desktop-fs\code\mathwiz\win\mathwiz_nt\mathwiz_nt\debug\mathwiz_nt.tlog\link-rc.write.1.tlog
c:\users\dev\desktop\desktop-fs\code\mathwiz\win\mathwiz_nt\mathwiz_nt\debug\mathwiz_nt.tlog\link.command.1.tlog
c:\users\dev\desktop\desktop-fs\code\mathwiz\win\mathwiz_nt\mathwiz_nt\debug\mathwiz_nt.tlog\link.read.1.tlog
c:\users\dev\desktop\desktop-fs\code\mathwiz\win\mathwiz_nt\mathwiz_nt\debug\mathwiz_nt.tlog\link.write.1.tlog
